-------------------------------------------------------------------------------
Test set: com.example.demosecurityjwt.demosecurityJwt.DemosecurityJwtApplicationTests
-------------------------------------------------------------------------------
Tests run: 1, Failures: 0, Errors: 1, Skipped: 0, Time elapsed: 20.963 s <<< FAILURE! - in com.example.demosecurityjwt.demosecurityJwt.DemosecurityJwtApplicationTests
contextLoads  Time elapsed: 0.003 s  <<< ERROR!
java.lang.IllegalStateException: Failed to load ApplicationContext
Caused by: org.springframework.beans.factory.UnsatisfiedDependencyException: Error creating bean with name 'demosecurityJwtApplication': Unsatisfied dependency expressed through field 'userServiceRepository'; nested exception is org.springframework.beans.factory.BeanCreationException: Error creating bean with name 'userServiceRepository' defined in com.example.demosecurityjwt.demosecurityJwt.UserServiceRepository defined in @EnableJpaRepositories declared on JpaRepositoriesRegistrar.EnableJpaRepositoriesConfiguration: Invocation of init method failed; nested exception is java.lang.IllegalArgumentException: Failed to create query for method public abstract org.springframework.security.core.userdetails.UserDetails com.example.demosecurityjwt.demosecurityJwt.UserServiceRepository.findByUserByName(java.lang.String)! No property userByName found for type MyUserDetails! Did you mean 'userName'?
Caused by: org.springframework.beans.factory.BeanCreationException: Error creating bean with name 'userServiceRepository' defined in com.example.demosecurityjwt.demosecurityJwt.UserServiceRepository defined in @EnableJpaRepositories declared on JpaRepositoriesRegistrar.EnableJpaRepositoriesConfiguration: Invocation of init method failed; nested exception is java.lang.IllegalArgumentException: Failed to create query for method public abstract org.springframework.security.core.userdetails.UserDetails com.example.demosecurityjwt.demosecurityJwt.UserServiceRepository.findByUserByName(java.lang.String)! No property userByName found for type MyUserDetails! Did you mean 'userName'?
Caused by: java.lang.IllegalArgumentException: Failed to create query for method public abstract org.springframework.security.core.userdetails.UserDetails com.example.demosecurityjwt.demosecurityJwt.UserServiceRepository.findByUserByName(java.lang.String)! No property userByName found for type MyUserDetails! Did you mean 'userName'?
Caused by: org.springframework.data.mapping.PropertyReferenceException: No property userByName found for type MyUserDetails! Did you mean 'userName'?

